<?xml version="1.0" encoding="utf-8" standalone="no"?>
<!--This file represents the results of running a test suite-->
<test-results name="C:\Documents and Settings\lvairamani\Desktop\SDKs\Invoicing\Unit_Testing\bin\Debug\UnitTest.dll" total="38" errors="0" failures="1" not-run="0" inconclusive="0" ignored="0" skipped="0" invalid="0" date="2011-10-05" time="10:11:05">
  <environment nunit-version="2.5.10.11092" clr-version="2.0.50727.3623" os-version="Microsoft Windows NT 5.2.3790 Service Pack 2" platform="Win32NT" cwd="C:\Documents and Settings\lvairamani\Desktop\SDKs\Invoicing\Unit_Testing\bin\Debug" machine-name="SJD-VPPTS-022" user="lvairamani" user-domain="CORP" />
  <culture-info current-culture="en-US" current-uiculture="en-US" />
  <test-suite type="Assembly" name="C:\Documents and Settings\lvairamani\Desktop\SDKs\Invoicing\Unit_Testing\bin\Debug\UnitTest.dll" executed="True" result="Failure" success="False" time="7.844" asserts="0">
    <results>
      <test-suite type="Namespace" name="PayPal" executed="True" result="Failure" success="False" time="7.828" asserts="0">
        <results>
          <test-suite type="SetUpFixture" name="UnitTest" executed="True" result="Failure" success="False" time="7.828" asserts="0">
            <results>
              <test-suite type="TestFixture" name="APIServiceTest" executed="True" result="Success" success="True" time="1.563" asserts="0">
                <results>
                  <test-case name="PayPal.UnitTest.APIServiceTest.makeRequestWithClientAuthentication" executed="True" result="Success" success="True" time="0.016" asserts="0" />
                  <test-case name="PayPal.UnitTest.APIServiceTest.makeRequestWithDefaultAccount" executed="True" result="Success" success="True" time="1.172" asserts="1" />
                  <test-case name="PayPal.UnitTest.APIServiceTest.makeRequestWithSpecificAccount" executed="True" result="Success" success="True" time="0.359" asserts="1" />
                </results>
              </test-suite>
              <test-suite type="TestFixture" name="AuthenticationHandlerTest" executed="True" result="Success" success="True" time="0.063" asserts="0">
                <results>
                  <test-case name="PayPal.UnitTest.AuthenticationHandlerTest.setAuthenticationParamsForInvalidAccount" executed="True" result="Success" success="True" time="0.016" asserts="0" />
                  <test-case name="PayPal.UnitTest.AuthenticationHandlerTest.setAuthenticationParamsForSignatureAccount" executed="True" result="Success" success="True" time="0.016" asserts="5" />
                  <test-case name="PayPal.UnitTest.AuthenticationHandlerTest.testOAuthSignature" executed="True" result="Success" success="True" time="0.000" asserts="1" />
                </results>
              </test-suite>
              <test-suite type="TestFixture" name="BasePayPalServiceTest" executed="True" result="Success" success="True" time="0.313" asserts="0">
                <results>
                  <test-case name="PayPal.UnitTest.BasePayPalServiceTest.callService" executed="True" result="Success" success="True" time="0.313" asserts="2" />
                </results>
              </test-suite>
              <test-suite type="TestFixture" name="CertificateCredentialTest" executed="True" result="Success" success="True" time="0.000" asserts="0">
                <results>
                  <test-case name="PayPal.UnitTest.CertificateCredentialTest.ObjectCreation" executed="True" result="Success" success="True" time="0.000" asserts="5" />
                </results>
              </test-suite>
              <test-suite type="TestFixture" name="ConfigManagerTest" executed="True" result="Success" success="True" time="0.031" asserts="0">
                <results>
                  <test-case name="PayPal.UnitTest.ConfigManagerTest.retrieveAccountConfigByIndex" executed="True" result="Success" success="True" time="0.000" asserts="2" />
                  <test-case name="PayPal.UnitTest.ConfigManagerTest.retrieveAccountConfigByUsername" executed="True" result="Success" success="True" time="0.000" asserts="5" />
                  <test-case name="PayPal.UnitTest.ConfigManagerTest.retrieveNonExistentAccount" executed="True" result="Success" success="True" time="0.000" asserts="1" />
                  <test-case name="PayPal.UnitTest.ConfigManagerTest.retrieveNonExistentProperty" executed="True" result="Success" success="True" time="0.000" asserts="1" />
                  <test-case name="PayPal.UnitTest.ConfigManagerTest.retrieveValidProperty" executed="True" result="Success" success="True" time="0.000" asserts="4" />
                </results>
              </test-suite>
              <test-suite type="TestFixture" name="ConnectionManagerTest" executed="True" result="Success" success="True" time="0.016" asserts="0">
                <results>
                  <test-case name="PayPal.UnitTest.ConnectionManagerTest.createNewConnection" executed="True" result="Success" success="True" time="0.000" asserts="3" />
                  <test-case name="PayPal.UnitTest.ConnectionManagerTest.createNewConnectionWithInvalidURL" executed="True" result="Success" success="True" time="0.016" asserts="0" />
                </results>
              </test-suite>
              <test-suite type="TestFixture" name="CredentialManagerTest" executed="True" result="Success" success="True" time="0.016" asserts="0">
                <results>
                  <test-case name="PayPal.UnitTest.CredentialManagerTest.loadCertificateCredential" executed="True" result="Success" success="True" time="0.000" asserts="7" />
                  <test-case name="PayPal.UnitTest.CredentialManagerTest.loadCredentialForNonExistentAccount" executed="True" result="Success" success="True" time="0.000" asserts="0" />
                  <test-case name="PayPal.UnitTest.CredentialManagerTest.loadSignatureCredential" executed="True" result="Success" success="True" time="0.016" asserts="6" />
                </results>
              </test-suite>
              <test-suite type="TestFixture" name="InvoiceModelTest" executed="True" result="Success" success="True" time="0.125" asserts="0">
                <results>
                  <test-case name="PayPal.UnitTest.InvoiceModelTest.baseAddressSerialization" executed="True" result="Success" success="True" time="0.016" asserts="3" />
                  <test-case name="PayPal.UnitTest.InvoiceModelTest.businessInfoSerialization" executed="True" result="Success" success="True" time="0.000" asserts="2" />
                  <test-case name="PayPal.UnitTest.InvoiceModelTest.createAndSendInvoiceRequestSerialization" executed="True" result="Success" success="True" time="0.016" asserts="2" />
                  <test-case name="PayPal.UnitTest.InvoiceModelTest.createAndSendInvoiceResponseConstruction" executed="True" result="Success" success="True" time="0.016" asserts="6" />
                  <test-case name="PayPal.UnitTest.InvoiceModelTest.createInvoiceRequestSerialization" executed="True" result="Success" success="True" time="0.000" asserts="2" />
                  <test-case name="PayPal.UnitTest.InvoiceModelTest.createInvoiceResponseConstruction" executed="True" result="Success" success="True" time="0.016" asserts="6" />
                  <test-case name="PayPal.UnitTest.InvoiceModelTest.errorDataConstruction" executed="True" result="Success" success="True" time="0.000" asserts="7" />
                  <test-case name="PayPal.UnitTest.InvoiceModelTest.errorParameterConstruction" executed="True" result="Success" success="True" time="0.000" asserts="1" />
                  <test-case name="PayPal.UnitTest.InvoiceModelTest.invoiceItemTypeSerialization" executed="True" result="Success" success="True" time="0.000" asserts="2" />
                  <test-case name="PayPal.UnitTest.InvoiceModelTest.invoiceTypeSerialization" executed="True" result="Success" success="True" time="0.000" asserts="2" />
                  <test-case name="PayPal.UnitTest.InvoiceModelTest.requestEnvelopeSerialization" executed="True" result="Success" success="True" time="0.000" asserts="3" />
                  <test-case name="PayPal.UnitTest.InvoiceModelTest.responseEnvelopeConstruction" executed="True" result="Success" success="True" time="0.000" asserts="8" />
                  <test-case name="PayPal.UnitTest.InvoiceModelTest.sendInvoiceRequestSerialization" executed="True" result="Success" success="True" time="0.000" asserts="2" />
                  <test-case name="PayPal.UnitTest.InvoiceModelTest.sendInvoiceResponseConstruction" executed="True" result="Success" success="True" time="0.000" asserts="5" />
                </results>
              </test-suite>
              <test-suite type="TestFixture" name="InvoiceServiceTest" executed="True" result="Failure" success="False" time="5.500" asserts="0">
                <results>
                  <test-case name="PayPal.UnitTest.InvoiceServiceTest.CreateAndSendInvoiceTest" executed="True" result="Success" success="True" time="1.641" asserts="3" />
                  <test-case name="PayPal.UnitTest.InvoiceServiceTest.CreateInvoiceForThirdPartyTest" executed="True" result="Failure" success="False" time="0.438" asserts="1">
                    <failure>
                      <message><![CDATA[  Expected: SUCCESS
  But was:  FAILURE
]]></message>
                      <stack-trace><![CDATA[at PayPal.UnitTest.InvoiceServiceTest.CreateInvoiceForThirdPartyTest() in C:\Documents and Settings\lvairamani\Desktop\SDKs\Invoicing\Unit_Testing\UnitTest\InvoiceServiceTest.cs:line 100
]]></stack-trace>
                    </failure>
                  </test-case>
                  <test-case name="PayPal.UnitTest.InvoiceServiceTest.CreateInvoiceTest" executed="True" result="Success" success="True" time="1.234" asserts="3" />
                  <test-case name="PayPal.UnitTest.InvoiceServiceTest.SendInvoiceTest" executed="True" result="Success" success="True" time="2.094" asserts="3" />
                </results>
              </test-suite>
              <test-suite type="TestFixture" name="NVPUtilTest" executed="True" result="Success" success="True" time="0.016" asserts="0">
                <results>
                  <test-case name="PayPal.UnitTest.NVPUtilTest.SplitResponseStringTest" executed="True" result="Success" success="True" time="0.016" asserts="41" />
                </results>
              </test-suite>
              <test-suite type="TestFixture" name="SignatureCredentialTest" executed="True" result="Success" success="True" time="0.000" asserts="0">
                <results>
                  <test-case name="PayPal.UnitTest.SignatureCredentialTest.ObjectCreation" executed="True" result="Success" success="True" time="0.000" asserts="4" />
                </results>
              </test-suite>
            </results>
          </test-suite>
        </results>
      </test-suite>
    </results>
  </test-suite>
</test-results>